<?xml version="1.0" encoding="UTF-8"?>
<testsuite name="org.Lab2.PowerSetTest" tests="1" skipped="0" failures="0" errors="0" timestamp="2022-11-01T18:24:34" hostname="mohamed" time="0.016">
  <properties/>
  <testcase name="generateSubsetsIterativeTest1()" classname="org.Lab2.PowerSetTest" time="0.016"/>
  <system-out><![CDATA[]]></system-out>
  <system-err><![CDATA[]]></system-err>
</testsuite>
